1603990538459	mozrunner::runner	INFO	Running command: "/usr/bin/firefox" "-marionette" "-foreground" "-no-remote" "-profile" "/tmp/rust_mozprofile.jNb8a5KRneeH"
console.warn: SearchSettings: "get: No settings file exists, new profile?" (new Error("", "(unknown module)"))
1603990539644	Marionette	INFO	Listening on port 34027
1603990539679	Marionette	WARN	TLS certificate errors will be ignored for this session
JavaScript error: https://static-exp3.licdn.com/sc/h/et6rotg4cb3i11cgzpc39e7iw, line 1: Error: POST request for /directory/api/ingraphs/gauge has failed with status code 999
JavaScript error: https://static-exp3.licdn.com/sc/h/et6rotg4cb3i11cgzpc39e7iw, line 1: Error: POST request for /directory/api/ingraphs/gauge has failed with status code 999
1603990620839	mozrunner::runner	INFO	Running command: "/usr/bin/firefox" "-marionette" "-foreground" "-no-remote" "-profile" "/tmp/rust_mozprofile.fgnvJf87eG2b"
console.warn: SearchSettings: "get: No settings file exists, new profile?" (new Error("", "(unknown module)"))
1603990622162	Marionette	INFO	Listening on port 43227
1603990622254	Marionette	WARN	TLS certificate errors will be ignored for this session
JavaScript error: https://static-exp3.licdn.com/sc/h/et6rotg4cb3i11cgzpc39e7iw, line 1: Error: POST request for /directory/api/ingraphs/gauge has failed with status code 999
JavaScript warning: https://static-exp1.licdn.com/sc/h/br/8tk2n4l8q2qy9qhoz93jvduf2, line 17160: unreachable code after return statement
JavaScript warning: https://static-exp1.licdn.com/sc/h/br/4dmscpa1zzk1jrzdxpdspen16, line 2906: unreachable code after return statement
JavaScript warning: https://static-exp1.licdn.com/sc/h/br/4dmscpa1zzk1jrzdxpdspen16, line 2906: unreachable code after return statement
JavaScript warning: https://static-exp1.licdn.com/sc/h/br/8tk2n4l8q2qy9qhoz93jvduf2, line 17160: unreachable code after return statement
JavaScript warning: https://static-exp1.licdn.com/sc/h/br/4dmscpa1zzk1jrzdxpdspen16, line 2906: unreachable code after return statement
JavaScript warning: https://static-exp1.licdn.com/sc/h/br/4dmscpa1zzk1jrzdxpdspen16, line 2906: unreachable code after return statement
1603990806006	mozrunner::runner	INFO	Running command: "/usr/bin/firefox" "-marionette" "-foreground" "-no-remote" "-profile" "/tmp/rust_mozprofile.njBtbuDuA6Gw"
console.warn: SearchSettings: "get: No settings file exists, new profile?" (new Error("", "(unknown module)"))
1603990807288	Marionette	INFO	Listening on port 36729
1603990807326	Marionette	WARN	TLS certificate errors will be ignored for this session
JavaScript warning: https://static-exp1.licdn.com/sc/h/br/8tk2n4l8q2qy9qhoz93jvduf2, line 17160: unreachable code after return statement
JavaScript warning: https://static-exp1.licdn.com/sc/h/br/4dmscpa1zzk1jrzdxpdspen16, line 2906: unreachable code after return statement
JavaScript warning: https://static-exp1.licdn.com/sc/h/br/4dmscpa1zzk1jrzdxpdspen16, line 2906: unreachable code after return statement
JavaScript warning: https://static-exp1.licdn.com/sc/h/br/8tk2n4l8q2qy9qhoz93jvduf2, line 17160: unreachable code after return statement
JavaScript warning: https://static-exp1.licdn.com/sc/h/br/4dmscpa1zzk1jrzdxpdspen16, line 2906: unreachable code after return statement
JavaScript warning: https://static-exp1.licdn.com/sc/h/br/4dmscpa1zzk1jrzdxpdspen16, line 2906: unreachable code after return statement
1603990942435	mozrunner::runner	INFO	Running command: "/usr/bin/firefox" "-marionette" "-foreground" "-no-remote" "-profile" "/tmp/rust_mozprofile.uHrysXdffk80"
console.warn: SearchSettings: "get: No settings file exists, new profile?" (new Error("", "(unknown module)"))
1603990943672	Marionette	INFO	Listening on port 45157
1603990943749	Marionette	WARN	TLS certificate errors will be ignored for this session
JavaScript warning: https://static-exp1.licdn.com/sc/h/br/8tk2n4l8q2qy9qhoz93jvduf2, line 17160: unreachable code after return statement
JavaScript warning: https://static-exp1.licdn.com/sc/h/br/4dmscpa1zzk1jrzdxpdspen16, line 2906: unreachable code after return statement
JavaScript warning: https://static-exp1.licdn.com/sc/h/br/4dmscpa1zzk1jrzdxpdspen16, line 2906: unreachable code after return statement
JavaScript warning: https://static-exp1.licdn.com/sc/h/br/8tk2n4l8q2qy9qhoz93jvduf2, line 17160: unreachable code after return statement
JavaScript warning: https://static-exp1.licdn.com/sc/h/br/4dmscpa1zzk1jrzdxpdspen16, line 2906: unreachable code after return statement
JavaScript warning: https://static-exp1.licdn.com/sc/h/br/4dmscpa1zzk1jrzdxpdspen16, line 2906: unreachable code after return statement
1603991143103	mozrunner::runner	INFO	Running command: "/usr/bin/firefox" "-marionette" "-foreground" "-no-remote" "-profile" "/tmp/rust_mozprofile.ZNAQnzbPVuTS"
console.warn: SearchSettings: "get: No settings file exists, new profile?" (new Error("", "(unknown module)"))
1603991144431	Marionette	INFO	Listening on port 46365
1603991144516	Marionette	WARN	TLS certificate errors will be ignored for this session
JavaScript warning: https://static-exp1.licdn.com/sc/h/br/8tk2n4l8q2qy9qhoz93jvduf2, line 17160: unreachable code after return statement
JavaScript warning: https://static-exp1.licdn.com/sc/h/br/4dmscpa1zzk1jrzdxpdspen16, line 2906: unreachable code after return statement
JavaScript warning: https://static-exp1.licdn.com/sc/h/br/4dmscpa1zzk1jrzdxpdspen16, line 2906: unreachable code after return statement
JavaScript warning: https://static-exp1.licdn.com/sc/h/br/8tk2n4l8q2qy9qhoz93jvduf2, line 17160: unreachable code after return statement
JavaScript warning: https://static-exp1.licdn.com/sc/h/br/4dmscpa1zzk1jrzdxpdspen16, line 2906: unreachable code after return statement
JavaScript warning: https://static-exp1.licdn.com/sc/h/br/4dmscpa1zzk1jrzdxpdspen16, line 2906: unreachable code after return statement
JavaScript warning: https://static-exp1.licdn.com/sc/h/br/8tk2n4l8q2qy9qhoz93jvduf2, line 17160: unreachable code after return statement
1603991355976	mozrunner::runner	INFO	Running command: "/usr/bin/firefox" "-marionette" "-foreground" "-no-remote" "-profile" "/tmp/rust_mozprofile.5hIYwLRVSwBi"
console.warn: SearchSettings: "get: No settings file exists, new profile?" (new Error("", "(unknown module)"))
1603991357254	Marionette	INFO	Listening on port 42623
1603991357290	Marionette	WARN	TLS certificate errors will be ignored for this session
JavaScript error: https://static-exp1.licdn.com/sc/h/et6rotg4cb3i11cgzpc39e7iw, line 1: Error: POST request for /directory/api/ingraphs/gauge has failed with status code 999
JavaScript warning: https://static-exp1.licdn.com/sc/h/br/8tk2n4l8q2qy9qhoz93jvduf2, line 17160: unreachable code after return statement
JavaScript warning: https://static-exp1.licdn.com/sc/h/br/4dmscpa1zzk1jrzdxpdspen16, line 2906: unreachable code after return statement
JavaScript warning: https://static-exp1.licdn.com/sc/h/br/4dmscpa1zzk1jrzdxpdspen16, line 2906: unreachable code after return statement
JavaScript warning: https://static-exp1.licdn.com/sc/h/br/8tk2n4l8q2qy9qhoz93jvduf2, line 17160: unreachable code after return statement
JavaScript warning: https://static-exp1.licdn.com/sc/h/br/4dmscpa1zzk1jrzdxpdspen16, line 2906: unreachable code after return statement
JavaScript warning: https://static-exp1.licdn.com/sc/h/br/4dmscpa1zzk1jrzdxpdspen16, line 2906: unreachable code after return statement
1603991513250	mozrunner::runner	INFO	Running command: "/usr/bin/firefox" "-marionette" "-foreground" "-no-remote" "-profile" "/tmp/rust_mozprofile.0MmoYJ1ldMQv"
console.warn: SearchSettings: "get: No settings file exists, new profile?" (new Error("", "(unknown module)"))
1603991514842	Marionette	INFO	Listening on port 36219
1603991514867	Marionette	WARN	TLS certificate errors will be ignored for this session
JavaScript error: https://static-exp1.licdn.com/sc/h/et6rotg4cb3i11cgzpc39e7iw, line 1: Error: POST request for /directory/api/ingraphs/gauge has failed with status code 999
JavaScript warning: https://static-exp1.licdn.com/sc/h/br/8tk2n4l8q2qy9qhoz93jvduf2, line 17160: unreachable code after return statement
JavaScript warning: https://static-exp1.licdn.com/sc/h/br/4dmscpa1zzk1jrzdxpdspen16, line 2906: unreachable code after return statement
JavaScript warning: https://static-exp1.licdn.com/sc/h/br/4dmscpa1zzk1jrzdxpdspen16, line 2906: unreachable code after return statement
JavaScript warning: https://static-exp1.licdn.com/sc/h/br/8tk2n4l8q2qy9qhoz93jvduf2, line 17160: unreachable code after return statement
JavaScript warning: https://static-exp1.licdn.com/sc/h/br/4dmscpa1zzk1jrzdxpdspen16, line 2906: unreachable code after return statement
JavaScript warning: https://static-exp1.licdn.com/sc/h/br/4dmscpa1zzk1jrzdxpdspen16, line 2906: unreachable code after return statement
1603992233292	mozrunner::runner	INFO	Running command: "/usr/bin/firefox" "-marionette" "-foreground" "-no-remote" "-profile" "/tmp/rust_mozprofile.B8I8S9ZBLGzN"
console.warn: SearchSettings: "get: No settings file exists, new profile?" (new Error("", "(unknown module)"))
1603992234511	Marionette	INFO	Listening on port 40401
1603992234623	Marionette	WARN	TLS certificate errors will be ignored for this session
JavaScript error: https://static-exp3.licdn.com/sc/h/et6rotg4cb3i11cgzpc39e7iw, line 1: Error: POST request for /directory/api/ingraphs/gauge has failed with status code 999
JavaScript warning: https://static-exp1.licdn.com/sc/h/br/8tk2n4l8q2qy9qhoz93jvduf2, line 17160: unreachable code after return statement
JavaScript warning: https://static-exp1.licdn.com/sc/h/br/4dmscpa1zzk1jrzdxpdspen16, line 2906: unreachable code after return statement
JavaScript warning: https://static-exp1.licdn.com/sc/h/br/4dmscpa1zzk1jrzdxpdspen16, line 2906: unreachable code after return statement
JavaScript warning: https://static-exp1.licdn.com/sc/h/br/8tk2n4l8q2qy9qhoz93jvduf2, line 17160: unreachable code after return statement
JavaScript warning: https://static-exp1.licdn.com/sc/h/br/4dmscpa1zzk1jrzdxpdspen16, line 2906: unreachable code after return statement
JavaScript warning: https://static-exp1.licdn.com/sc/h/br/4dmscpa1zzk1jrzdxpdspen16, line 2906: unreachable code after return statement
1603992848605	mozrunner::runner	INFO	Running command: "/usr/bin/firefox" "-marionette" "-foreground" "-no-remote" "-profile" "/tmp/rust_mozprofile.KIrIoDmzPccN"
console.warn: SearchSettings: "get: No settings file exists, new profile?" (new Error("", "(unknown module)"))
1603992849840	Marionette	INFO	Listening on port 38919
1603992849924	Marionette	WARN	TLS certificate errors will be ignored for this session
JavaScript error: https://static-exp3.licdn.com/sc/h/et6rotg4cb3i11cgzpc39e7iw, line 1: Error: POST request for /directory/api/ingraphs/gauge has failed with status code 999
JavaScript warning: https://static-exp1.licdn.com/sc/h/br/8tk2n4l8q2qy9qhoz93jvduf2, line 17160: unreachable code after return statement
JavaScript warning: https://static-exp1.licdn.com/sc/h/br/4dmscpa1zzk1jrzdxpdspen16, line 2906: unreachable code after return statement
JavaScript warning: https://static-exp1.licdn.com/sc/h/br/4dmscpa1zzk1jrzdxpdspen16, line 2906: unreachable code after return statement
1603993353032	mozrunner::runner	INFO	Running command: "/usr/bin/firefox" "-marionette" "-foreground" "-no-remote" "-profile" "/tmp/rust_mozprofile.nXLtckdGuOYI"
console.warn: SearchSettings: "get: No settings file exists, new profile?" (new Error("", "(unknown module)"))
1603993354541	Marionette	INFO	Listening on port 36425
1603993354648	Marionette	WARN	TLS certificate errors will be ignored for this session
JavaScript error: https://static-exp1.licdn.com/sc/h/et6rotg4cb3i11cgzpc39e7iw, line 1: Error: POST request for /directory/api/ingraphs/gauge has failed with status code 999
JavaScript warning: https://static-exp1.licdn.com/sc/h/br/8tk2n4l8q2qy9qhoz93jvduf2, line 17160: unreachable code after return statement
JavaScript warning: https://static-exp1.licdn.com/sc/h/br/4dmscpa1zzk1jrzdxpdspen16, line 2906: unreachable code after return statement
JavaScript warning: https://static-exp1.licdn.com/sc/h/br/4dmscpa1zzk1jrzdxpdspen16, line 2906: unreachable code after return statement
JavaScript warning: https://static-exp1.licdn.com/sc/h/br/8tk2n4l8q2qy9qhoz93jvduf2, line 17160: unreachable code after return statement
JavaScript warning: https://static-exp1.licdn.com/sc/h/br/4dmscpa1zzk1jrzdxpdspen16, line 2906: unreachable code after return statement
JavaScript warning: https://static-exp1.licdn.com/sc/h/br/4dmscpa1zzk1jrzdxpdspen16, line 2906: unreachable code after return statement
JavaScript warning: https://static-exp1.licdn.com/sc/h/br/8tk2n4l8q2qy9qhoz93jvduf2, line 17160: unreachable code after return statement
1603993918179	mozrunner::runner	INFO	Running command: "/usr/bin/firefox" "-marionette" "-foreground" "-no-remote" "-profile" "/tmp/rust_mozprofile.trrAC67lPLJW"
console.warn: SearchSettings: "get: No settings file exists, new profile?" (new Error("", "(unknown module)"))
1603993919496	Marionette	INFO	Listening on port 41467
1603993919597	Marionette	WARN	TLS certificate errors will be ignored for this session
JavaScript error: https://static-exp3.licdn.com/sc/h/et6rotg4cb3i11cgzpc39e7iw, line 1: Error: POST request for /directory/api/ingraphs/gauge has failed with status code 503
JavaScript warning: https://static-exp1.licdn.com/sc/h/br/8tk2n4l8q2qy9qhoz93jvduf2, line 17160: unreachable code after return statement
JavaScript warning: https://static-exp1.licdn.com/sc/h/br/4dmscpa1zzk1jrzdxpdspen16, line 2906: unreachable code after return statement
JavaScript warning: https://static-exp1.licdn.com/sc/h/br/4dmscpa1zzk1jrzdxpdspen16, line 2906: unreachable code after return statement
JavaScript warning: https://static-exp1.licdn.com/sc/h/br/8tk2n4l8q2qy9qhoz93jvduf2, line 17160: unreachable code after return statement
JavaScript warning: https://static-exp1.licdn.com/sc/h/br/4dmscpa1zzk1jrzdxpdspen16, line 2906: unreachable code after return statement
JavaScript warning: https://static-exp1.licdn.com/sc/h/br/4dmscpa1zzk1jrzdxpdspen16, line 2906: unreachable code after return statement
1603994177256	mozrunner::runner	INFO	Running command: "/usr/bin/firefox" "-marionette" "-foreground" "-no-remote" "-profile" "/tmp/rust_mozprofile.o5cSdi0yukUy"
console.warn: SearchSettings: "get: No settings file exists, new profile?" (new Error("", "(unknown module)"))
1603994178545	Marionette	INFO	Listening on port 33219
1603994178578	Marionette	WARN	TLS certificate errors will be ignored for this session
JavaScript error: https://static-exp3.licdn.com/sc/h/et6rotg4cb3i11cgzpc39e7iw, line 1: Error: POST request for /directory/api/ingraphs/gauge has failed with status code 999
JavaScript warning: https://static-exp1.licdn.com/sc/h/br/8tk2n4l8q2qy9qhoz93jvduf2, line 17160: unreachable code after return statement
JavaScript warning: https://static-exp1.licdn.com/sc/h/br/4dmscpa1zzk1jrzdxpdspen16, line 2906: unreachable code after return statement
JavaScript warning: https://static-exp1.licdn.com/sc/h/br/4dmscpa1zzk1jrzdxpdspen16, line 2906: unreachable code after return statement
JavaScript warning: https://static-exp1.licdn.com/sc/h/br/8tk2n4l8q2qy9qhoz93jvduf2, line 17160: unreachable code after return statement
JavaScript warning: https://static-exp1.licdn.com/sc/h/br/4dmscpa1zzk1jrzdxpdspen16, line 2906: unreachable code after return statement
JavaScript warning: https://static-exp1.licdn.com/sc/h/br/4dmscpa1zzk1jrzdxpdspen16, line 2906: unreachable code after return statement
1603994386835	mozrunner::runner	INFO	Running command: "/usr/bin/firefox" "-marionette" "-foreground" "-no-remote" "-profile" "/tmp/rust_mozprofile.37WeL2XG5ABh"
console.warn: SearchSettings: "get: No settings file exists, new profile?" (new Error("", "(unknown module)"))
1603994388234	Marionette	INFO	Listening on port 41617
1603994388251	Marionette	WARN	TLS certificate errors will be ignored for this session
JavaScript error: https://static-exp1.licdn.com/sc/h/et6rotg4cb3i11cgzpc39e7iw, line 1: Error: POST request for /directory/api/ingraphs/gauge has failed with status code 999
JavaScript warning: https://static-exp1.licdn.com/sc/h/br/8tk2n4l8q2qy9qhoz93jvduf2, line 17160: unreachable code after return statement
JavaScript warning: https://static-exp1.licdn.com/sc/h/br/4dmscpa1zzk1jrzdxpdspen16, line 2906: unreachable code after return statement
JavaScript warning: https://static-exp1.licdn.com/sc/h/br/4dmscpa1zzk1jrzdxpdspen16, line 2906: unreachable code after return statement
JavaScript error: , line 0: uncaught exception: Object
JavaScript error: , line 0: uncaught exception: Object
JavaScript error: , line 0: uncaught exception: Object
JavaScript error: , line 0: uncaught exception: Object
JavaScript error: , line 0: uncaught exception: Object
JavaScript error: , line 0: uncaught exception: Object
JavaScript error: , line 0: uncaught exception: Object
JavaScript warning: https://static-exp1.licdn.com/sc/h/br/8tk2n4l8q2qy9qhoz93jvduf2, line 17160: unreachable code after return statement
JavaScript warning: https://static-exp1.licdn.com/sc/h/br/4dmscpa1zzk1jrzdxpdspen16, line 2906: unreachable code after return statement
JavaScript warning: https://static-exp1.licdn.com/sc/h/br/4dmscpa1zzk1jrzdxpdspen16, line 2906: unreachable code after return statement
1603994489132	mozrunner::runner	INFO	Running command: "/usr/bin/firefox" "-marionette" "-foreground" "-no-remote" "-profile" "/tmp/rust_mozprofile.5Cy6sokCZave"
console.warn: SearchSettings: "get: No settings file exists, new profile?" (new Error("", "(unknown module)"))
1603994490446	Marionette	INFO	Listening on port 36879
1603994490555	Marionette	WARN	TLS certificate errors will be ignored for this session
JavaScript error: https://static-exp1.licdn.com/sc/h/et6rotg4cb3i11cgzpc39e7iw, line 1: Error: POST request for /directory/api/ingraphs/gauge has failed with status code 999
JavaScript warning: https://static-exp1.licdn.com/sc/h/br/8tk2n4l8q2qy9qhoz93jvduf2, line 17160: unreachable code after return statement
JavaScript warning: https://static-exp1.licdn.com/sc/h/br/4dmscpa1zzk1jrzdxpdspen16, line 2906: unreachable code after return statement
JavaScript warning: https://static-exp1.licdn.com/sc/h/br/4dmscpa1zzk1jrzdxpdspen16, line 2906: unreachable code after return statement
JavaScript warning: https://static-exp1.licdn.com/sc/h/br/8tk2n4l8q2qy9qhoz93jvduf2, line 17160: unreachable code after return statement
JavaScript warning: https://static-exp1.licdn.com/sc/h/br/4dmscpa1zzk1jrzdxpdspen16, line 2906: unreachable code after return statement
JavaScript warning: https://static-exp1.licdn.com/sc/h/br/4dmscpa1zzk1jrzdxpdspen16, line 2906: unreachable code after return statement
1603994541764	mozrunner::runner	INFO	Running command: "/usr/bin/firefox" "-marionette" "-foreground" "-no-remote" "-profile" "/tmp/rust_mozprofile.DOH4RXmhZHEn"
console.warn: SearchSettings: "get: No settings file exists, new profile?" (new Error("", "(unknown module)"))
1603994543076	Marionette	INFO	Listening on port 35815
1603994543180	Marionette	WARN	TLS certificate errors will be ignored for this session
JavaScript error: https://static-exp3.licdn.com/sc/h/et6rotg4cb3i11cgzpc39e7iw, line 1: Error: POST request for /directory/api/ingraphs/gauge has failed with status code 999
JavaScript warning: https://static-exp1.licdn.com/sc/h/br/8tk2n4l8q2qy9qhoz93jvduf2, line 17160: unreachable code after return statement
JavaScript warning: https://static-exp1.licdn.com/sc/h/br/4dmscpa1zzk1jrzdxpdspen16, line 2906: unreachable code after return statement
JavaScript warning: https://static-exp1.licdn.com/sc/h/br/4dmscpa1zzk1jrzdxpdspen16, line 2906: unreachable code after return statement
JavaScript warning: https://static-exp1.licdn.com/sc/h/br/8tk2n4l8q2qy9qhoz93jvduf2, line 17160: unreachable code after return statement
JavaScript warning: https://static-exp1.licdn.com/sc/h/br/4dmscpa1zzk1jrzdxpdspen16, line 2906: unreachable code after return statement
JavaScript warning: https://static-exp1.licdn.com/sc/h/br/4dmscpa1zzk1jrzdxpdspen16, line 2906: unreachable code after return statement
console.error: (new TypeError("parent is null", "resource://devtools/client/inspector/shared/style-change-tracker.js", 67))
TypeError: parent is null: canMutationImpactCurrentStyles@resource://devtools/client/inspector/shared/style-change-tracker.js:67:24
onMutations@resource://devtools/client/inspector/shared/style-change-tracker.js:84:41
_emit@resource://devtools/shared/event-emitter.js:226:34
emit@resource://devtools/shared/event-emitter.js:172:18
emit@resource://devtools/shared/event-emitter.js:324:18
getMutations@resource://devtools/client/fronts/walker.js:405:10

console.error: (new TypeError("container.node.targetFront is null", "resource://devtools/client/inspector/markup/markup.js", 2252))
console.error: (new TypeError("container.node.targetFront is null", "resource://devtools/client/inspector/markup/markup.js", 2252))
1603994741351	mozrunner::runner	INFO	Running command: "/usr/bin/firefox" "-marionette" "-foreground" "-no-remote" "-profile" "/tmp/rust_mozprofile.LFzFOw7W4y7m"
console.warn: SearchSettings: "get: No settings file exists, new profile?" (new Error("", "(unknown module)"))
1603994742544	Marionette	INFO	Listening on port 41209
1603994742570	Marionette	WARN	TLS certificate errors will be ignored for this session
JavaScript error: https://static-exp1.licdn.com/sc/h/et6rotg4cb3i11cgzpc39e7iw, line 1: Error: POST request for /directory/api/ingraphs/gauge has failed with status code 503
JavaScript warning: https://static-exp1.licdn.com/sc/h/br/8tk2n4l8q2qy9qhoz93jvduf2, line 17160: unreachable code after return statement
JavaScript warning: https://static-exp1.licdn.com/sc/h/br/4dmscpa1zzk1jrzdxpdspen16, line 2906: unreachable code after return statement
JavaScript warning: https://static-exp1.licdn.com/sc/h/br/4dmscpa1zzk1jrzdxpdspen16, line 2906: unreachable code after return statement
JavaScript warning: https://static-exp1.licdn.com/sc/h/br/8tk2n4l8q2qy9qhoz93jvduf2, line 17160: unreachable code after return statement
JavaScript warning: https://static-exp1.licdn.com/sc/h/br/4dmscpa1zzk1jrzdxpdspen16, line 2906: unreachable code after return statement
JavaScript warning: https://static-exp1.licdn.com/sc/h/br/4dmscpa1zzk1jrzdxpdspen16, line 2906: unreachable code after return statement
1603995121784	mozrunner::runner	INFO	Running command: "/usr/bin/firefox" "-marionette" "-foreground" "-no-remote" "-profile" "/tmp/rust_mozprofile.82AavSMfLpRw"
Maximum number of clients reachedUnable to init server: Could not connect: Connection refused
Error: cannot open display: :1
1603995196994	mozrunner::runner	INFO	Running command: "/usr/bin/firefox" "-marionette" "-foreground" "-no-remote" "-profile" "/tmp/rust_mozprofile.YEwc0ZJQ1lnS"
console.warn: SearchSettings: "get: No settings file exists, new profile?" (new Error("", "(unknown module)"))
1603995198136	Marionette	INFO	Listening on port 44541
1603995198210	Marionette	WARN	TLS certificate errors will be ignored for this session
JavaScript error: https://static-exp1.licdn.com/sc/h/et6rotg4cb3i11cgzpc39e7iw, line 1: Error: POST request for /directory/api/ingraphs/gauge has failed with status code 999
JavaScript warning: https://static-exp1.licdn.com/sc/h/br/8tk2n4l8q2qy9qhoz93jvduf2, line 17160: unreachable code after return statement
JavaScript warning: https://static-exp1.licdn.com/sc/h/br/4dmscpa1zzk1jrzdxpdspen16, line 2906: unreachable code after return statement
JavaScript warning: https://static-exp1.licdn.com/sc/h/br/4dmscpa1zzk1jrzdxpdspen16, line 2906: unreachable code after return statement
JavaScript warning: https://static-exp1.licdn.com/sc/h/br/8tk2n4l8q2qy9qhoz93jvduf2, line 17160: unreachable code after return statement
JavaScript warning: https://static-exp1.licdn.com/sc/h/br/4dmscpa1zzk1jrzdxpdspen16, line 2906: unreachable code after return statement
JavaScript warning: https://static-exp1.licdn.com/sc/h/br/4dmscpa1zzk1jrzdxpdspen16, line 2906: unreachable code after return statement
1603995435640	mozrunner::runner	INFO	Running command: "/usr/bin/firefox" "-marionette" "-foreground" "-no-remote" "-profile" "/tmp/rust_mozprofile.pZxDk9SLFa9R"
console.warn: SearchSettings: "get: No settings file exists, new profile?" (new Error("", "(unknown module)"))
1603995437002	Marionette	INFO	Listening on port 42619
1603995437056	Marionette	WARN	TLS certificate errors will be ignored for this session
JavaScript error: https://static-exp1.licdn.com/sc/h/et6rotg4cb3i11cgzpc39e7iw, line 1: Error: POST request for /directory/api/ingraphs/gauge has failed with status code 503
JavaScript warning: https://static-exp1.licdn.com/sc/h/br/8tk2n4l8q2qy9qhoz93jvduf2, line 17160: unreachable code after return statement
JavaScript warning: https://static-exp1.licdn.com/sc/h/br/4dmscpa1zzk1jrzdxpdspen16, line 2906: unreachable code after return statement
JavaScript warning: https://static-exp1.licdn.com/sc/h/br/4dmscpa1zzk1jrzdxpdspen16, line 2906: unreachable code after return statement
JavaScript warning: https://static-exp1.licdn.com/sc/h/br/8tk2n4l8q2qy9qhoz93jvduf2, line 17160: unreachable code after return statement
JavaScript warning: https://static-exp1.licdn.com/sc/h/br/4dmscpa1zzk1jrzdxpdspen16, line 2906: unreachable code after return statement
JavaScript warning: https://static-exp1.licdn.com/sc/h/br/4dmscpa1zzk1jrzdxpdspen16, line 2906: unreachable code after return statement
1603995502938	mozrunner::runner	INFO	Running command: "/usr/bin/firefox" "-marionette" "-foreground" "-no-remote" "-profile" "/tmp/rust_mozprofile.dTNpkptnXlKM"
console.warn: SearchSettings: "get: No settings file exists, new profile?" (new Error("", "(unknown module)"))
1603995504227	Marionette	INFO	Listening on port 45949
1603995504252	Marionette	WARN	TLS certificate errors will be ignored for this session
JavaScript error: https://static-exp3.licdn.com/sc/h/et6rotg4cb3i11cgzpc39e7iw, line 1: Error: POST request for /directory/api/ingraphs/gauge has failed with status code 999
JavaScript warning: https://static-exp1.licdn.com/sc/h/br/8tk2n4l8q2qy9qhoz93jvduf2, line 17160: unreachable code after return statement
JavaScript warning: https://static-exp1.licdn.com/sc/h/br/4dmscpa1zzk1jrzdxpdspen16, line 2906: unreachable code after return statement
JavaScript warning: https://static-exp1.licdn.com/sc/h/br/4dmscpa1zzk1jrzdxpdspen16, line 2906: unreachable code after return statement
JavaScript warning: https://static-exp1.licdn.com/sc/h/br/8tk2n4l8q2qy9qhoz93jvduf2, line 17160: unreachable code after return statement
JavaScript warning: https://static-exp1.licdn.com/sc/h/br/4dmscpa1zzk1jrzdxpdspen16, line 2906: unreachable code after return statement
JavaScript warning: https://static-exp1.licdn.com/sc/h/br/4dmscpa1zzk1jrzdxpdspen16, line 2906: unreachable code after return statement
